Copyright 1986-2016 Xilinx, Inc. All Rights Reserved.
----------------------------------------------------------------------------------------------------------------------------------------------------
| Tool Version      : Vivado v.2016.4 (lin64) Build 1733598 Wed Dec 14 22:35:42 MST 2016
| Date              : Tue Jan  3 00:22:29 2017
| Host              : ubuntu running 64-bit Ubuntu 16.04.1 LTS
| Command           : report_timing_summary -warn_on_violation -max_paths 10 -file top_timing_summary_routed.rpt -rpx top_timing_summary_routed.rpx
| Design            : top
| Device            : xcku035-fbva676
| Speed File        : -3  PRODUCTION 1.23 12-12-2016
| Temperature Grade : E
----------------------------------------------------------------------------------------------------------------------------------------------------

Timing Summary Report

------------------------------------------------------------------------------------------------
| Timer Settings
| --------------
------------------------------------------------------------------------------------------------

  Enable Multi Corner Analysis               :  Yes
  Enable Pessimism Removal                   :  Yes
  Pessimism Removal Resolution               :  Nearest Common Node
  Enable Input Delay Default Clock           :  No
  Enable Preset / Clear Arcs                 :  No
  Disable Flight Delays                      :  No
  Ignore I/O Paths                           :  No
  Timing Early Launch at Borrowing Latches   :  false

  Corner  Analyze    Analyze    
  Name    Max Paths  Min Paths  
  ------  ---------  ---------  
  Slow    Yes        Yes        
  Fast    Yes        Yes        



check_timing report

Table of Contents
-----------------
1. checking no_clock
2. checking constant_clock
3. checking pulse_width_clock
4. checking unconstrained_internal_endpoints
5. checking no_input_delay
6. checking no_output_delay
7. checking multiple_clock
8. checking generated_clocks
9. checking loops
10. checking partial_input_delay
11. checking partial_output_delay
12. checking latch_loops

1. checking no_clock
--------------------
 There are 3352 register/latch pins with no clock driven by root clock pin: CK66 (HIGH)

 There are 18 register/latch pins with no clock driven by root clock pin: u2/u0/unit2/rst_reg/Q (HIGH)

 There is 1 register/latch pin with no clock driven by root clock pin: u2/u0/unit8/nreg_reg[0]/Q (HIGH)

 There is 1 register/latch pin with no clock driven by root clock pin: u2/u0/unit8/nreg_reg[10]/Q (HIGH)

 There is 1 register/latch pin with no clock driven by root clock pin: u2/u0/unit8/nreg_reg[11]/Q (HIGH)

 There is 1 register/latch pin with no clock driven by root clock pin: u2/u0/unit8/nreg_reg[12]/Q (HIGH)

 There is 1 register/latch pin with no clock driven by root clock pin: u2/u0/unit8/nreg_reg[13]/Q (HIGH)

 There is 1 register/latch pin with no clock driven by root clock pin: u2/u0/unit8/nreg_reg[14]/Q (HIGH)

 There is 1 register/latch pin with no clock driven by root clock pin: u2/u0/unit8/nreg_reg[15]/Q (HIGH)

 There is 1 register/latch pin with no clock driven by root clock pin: u2/u0/unit8/nreg_reg[16]/Q (HIGH)

 There is 1 register/latch pin with no clock driven by root clock pin: u2/u0/unit8/nreg_reg[17]/Q (HIGH)

 There is 1 register/latch pin with no clock driven by root clock pin: u2/u0/unit8/nreg_reg[1]/Q (HIGH)

 There is 1 register/latch pin with no clock driven by root clock pin: u2/u0/unit8/nreg_reg[2]/Q (HIGH)

 There is 1 register/latch pin with no clock driven by root clock pin: u2/u0/unit8/nreg_reg[3]/Q (HIGH)

 There is 1 register/latch pin with no clock driven by root clock pin: u2/u0/unit8/nreg_reg[4]/Q (HIGH)

 There is 1 register/latch pin with no clock driven by root clock pin: u2/u0/unit8/nreg_reg[5]/Q (HIGH)

 There is 1 register/latch pin with no clock driven by root clock pin: u2/u0/unit8/nreg_reg[6]/Q (HIGH)

 There is 1 register/latch pin with no clock driven by root clock pin: u2/u0/unit8/nreg_reg[7]/Q (HIGH)

 There is 1 register/latch pin with no clock driven by root clock pin: u2/u0/unit8/nreg_reg[8]/Q (HIGH)

 There is 1 register/latch pin with no clock driven by root clock pin: u2/u0/unit8/nreg_reg[9]/Q (HIGH)


2. checking constant_clock
--------------------------
 There are 0 register/latch pins with constant_clock.


3. checking pulse_width_clock
-----------------------------
 There are 0 register/latch pins which need pulse_width check


4. checking unconstrained_internal_endpoints
--------------------------------------------
 There are 7661 pins that are not constrained for maximum delay. (HIGH)

 There are 0 pins that are not constrained for maximum delay due to constant clock.


5. checking no_input_delay
--------------------------
 There are 69 input ports with no input delay specified. (HIGH)

 There are 0 input ports with no input delay but user has a false path constraint.


6. checking no_output_delay
---------------------------
 There are 69 ports with no output delay specified. (HIGH)

 There are 0 ports with no output delay but user has a false path constraint

 There are 0 ports with no output delay but with a timing clock defined on it or propagating through it


7. checking multiple_clock
--------------------------
 There are 0 register/latch pins with multiple clocks.


8. checking generated_clocks
----------------------------
 There are 0 generated clocks that are not connected to a clock source.


9. checking loops
-----------------
 There are 0 combinational loops in the design.


10. checking partial_input_delay
--------------------------------
 There are 0 input ports with partial input delay specified.


11. checking partial_output_delay
---------------------------------
 There are 0 ports with partial output delay specified.


12. checking latch_loops
------------------------
 There are 0 combinational latch loops in the design through latch input



------------------------------------------------------------------------------------------------
| Design Timing Summary
| ---------------------
------------------------------------------------------------------------------------------------

    WNS(ns)      TNS(ns)  TNS Failing Endpoints  TNS Total Endpoints      WHS(ns)      THS(ns)  THS Failing Endpoints  THS Total Endpoints     WPWS(ns)     TPWS(ns)  TPWS Failing Endpoints  TPWS Total Endpoints  
    -------      -------  ---------------------  -------------------      -------      -------  ---------------------  -------------------     --------     --------  ----------------------  --------------------  
         NA           NA                     NA                   NA           NA           NA                     NA                   NA           NA           NA                      NA                    NA  


There are no user specified timing constraints.


------------------------------------------------------------------------------------------------
| Clock Summary
| -------------
------------------------------------------------------------------------------------------------


------------------------------------------------------------------------------------------------
| Intra Clock Table
| -----------------
------------------------------------------------------------------------------------------------

Clock             WNS(ns)      TNS(ns)  TNS Failing Endpoints  TNS Total Endpoints      WHS(ns)      THS(ns)  THS Failing Endpoints  THS Total Endpoints     WPWS(ns)     TPWS(ns)  TPWS Failing Endpoints  TPWS Total Endpoints  
-----             -------      -------  ---------------------  -------------------      -------      -------  ---------------------  -------------------     --------     --------  ----------------------  --------------------  


------------------------------------------------------------------------------------------------
| Inter Clock Table
| -----------------
------------------------------------------------------------------------------------------------

From Clock    To Clock          WNS(ns)      TNS(ns)  TNS Failing Endpoints  TNS Total Endpoints      WHS(ns)      THS(ns)  THS Failing Endpoints  THS Total Endpoints  
----------    --------          -------      -------  ---------------------  -------------------      -------      -------  ---------------------  -------------------  


------------------------------------------------------------------------------------------------
| Other Path Groups Table
| -----------------------
------------------------------------------------------------------------------------------------

Path Group    From Clock    To Clock          WNS(ns)      TNS(ns)  TNS Failing Endpoints  TNS Total Endpoints      WHS(ns)      THS(ns)  THS Failing Endpoints  THS Total Endpoints  
----------    ----------    --------          -------      -------  ---------------------  -------------------      -------      -------  ---------------------  -------------------  


------------------------------------------------------------------------------------------------
| Timing Details
| --------------
------------------------------------------------------------------------------------------------


