Copyright 1986-2016 Xilinx, Inc. All Rights Reserved.
-------------------------------------------------------------------------------------------------------------------------------
| Tool Version     : Vivado v.2016.4 (lin64) Build 1733598 Wed Dec 14 22:35:42 MST 2016
| Date             : Tue Jan  3 00:54:24 2017
| Host             : ubuntu running 64-bit Ubuntu 16.04.1 LTS
| Command          : report_power -file top_power_routed.rpt -pb top_power_summary_routed.pb -rpx top_power_routed.rpx
| Design           : top
| Device           : xcku035-fbva676-3-e
| Design State     : routed
| Grade            : extended
| Process          : typical
| Characterization : Production
-------------------------------------------------------------------------------------------------------------------------------

Power Report

Table of Contents
-----------------
1. Summary
1.1 On-Chip Components
1.2 Power Supply Summary
1.3 Confidence Level
2. Settings
2.1 Environment
2.2 Clock Constraints
3. Detailed Reports
3.1 By Hierarchy

1. Summary
----------

+--------------------------+----------------------------------+
| Total On-Chip Power (W)  | 79.702 (Junction temp exceeded!) |
| Dynamic (W)              | 75.293                           |
| Device Static (W)        | 4.410                            |
| Effective TJA (C/W)      | 1.9                              |
| Max Ambient (C)          | 0.0                              |
| Junction Temperature (C) | 125.0                            |
| Confidence Level         | Low                              |
| Setting File             | ---                              |
| Simulation Activity File | ---                              |
| Design Nets Matched      | NA                               |
+--------------------------+----------------------------------+


1.1 On-Chip Components
----------------------

+-------------------------+-----------+----------+-----------+-----------------+
| On-Chip                 | Power (W) | Used     | Available | Utilization (%) |
+-------------------------+-----------+----------+-----------+-----------------+
| CLB Logic               |    23.330 |     5806 |       --- |             --- |
|   LUT as Logic          |    17.802 |     1897 |    203128 |            0.93 |
|   Register              |     2.714 |     2923 |    406256 |            0.72 |
|   LUT as Shift Register |     2.485 |      177 |    112800 |            0.16 |
|   CARRY8                |     0.324 |      134 |     30300 |            0.44 |
|   F7/F8 Muxes           |     0.002 |       15 |    242400 |           <0.01 |
|   BUFG                  |     0.002 |        2 |        80 |            2.50 |
|   Others                |     0.000 |      233 |       --- |             --- |
| Signals                 |    33.132 |     4649 |       --- |             --- |
| Block RAM               |    10.389 |     58.5 |       540 |           10.83 |
| MMCM                    |     4.091 |        1 |        10 |           10.00 |
| I/O                     |     4.351 |       76 |       312 |           24.36 |
| Static Power            |     4.410 |          |           |                 |
| Total                   |    79.702 |          |           |                 |
+-------------------------+-----------+----------+-----------+-----------------+


1.2 Power Supply Summary
------------------------

+------------+-------------+-----------+-------------+------------+
| Source     | Voltage (V) | Total (A) | Dynamic (A) | Static (A) |
+------------+-------------+-----------+-------------+------------+
| Vccint     |       1.000 |    69.974 |      66.580 |      3.394 |
| Vccaux     |       1.800 |     2.535 |       2.265 |      0.270 |
| Vccaux_io  |       1.800 |     0.730 |       0.659 |      0.071 |
| Vccint_io  |       1.000 |     0.374 |       0.119 |      0.255 |
| Vcco33     |       3.300 |     0.000 |       0.000 |      0.000 |
| Vcco25     |       2.500 |     0.000 |       0.000 |      0.000 |
| Vcco18     |       1.800 |     1.693 |       1.692 |      0.000 |
| Vcco15     |       1.500 |     0.000 |       0.000 |      0.000 |
| Vcco135    |       1.350 |     0.000 |       0.000 |      0.000 |
| Vcco12     |       1.200 |     0.000 |       0.000 |      0.000 |
| Vcco10     |       1.000 |     0.000 |       0.000 |      0.000 |
| Vccbram    |       1.000 |     0.406 |       0.284 |      0.122 |
| MGTAVcc    |       1.000 |     0.000 |       0.000 |      0.000 |
| MGTAVtt    |       1.200 |     0.000 |       0.000 |      0.000 |
| MGTVccaux  |       1.800 |     0.000 |       0.000 |      0.000 |
| Vccadc     |       1.800 |     0.014 |       0.000 |      0.014 |
| MGTYVccaux |       1.800 |     0.000 |       0.000 |      0.000 |
| MGTYAVcc   |       1.000 |     0.000 |       0.000 |      0.000 |
| MGTYAVtt   |       1.200 |     0.000 |       0.000 |      0.000 |
+------------+-------------+-----------+-------------+------------+


1.3 Confidence Level
--------------------

+-----------------------------+------------+--------------------------------------------------------+--------------------------------------------------------------------------------------------------------------------+
| User Input Data             | Confidence | Details                                                | Action                                                                                                             |
+-----------------------------+------------+--------------------------------------------------------+--------------------------------------------------------------------------------------------------------------------+
| Design implementation state | High       | Design is routed                                       |                                                                                                                    |
| Clock nodes activity        | Low        | User specified less than 75% of clocks                 | Provide missing clock activity with a constraint file, simulation results or by editing the "By Clock Domain" view |
| I/O nodes activity          | Low        | More than 75% of inputs are missing user specification | Provide missing input activity with simulation results or by editing the "By Resource Type -> I/Os" view           |
| Internal nodes activity     | Medium     | User specified less than 25% of internal nodes         | Provide missing internal nodes activity with simulation results or by editing the "By Resource Type" views         |
| Device models               | High       | Device models are Production                           |                                                                                                                    |
|                             |            |                                                        |                                                                                                                    |
| Overall confidence level    | Low        |                                                        |                                                                                                                    |
+-----------------------------+------------+--------------------------------------------------------+--------------------------------------------------------------------------------------------------------------------+


2. Settings
-----------

2.1 Environment
---------------

+-----------------------+--------------------------+
| Ambient Temp (C)      | 25.0                     |
| ThetaJA (C/W)         | 1.9                      |
| Airflow (LFM)         | 250                      |
| Heat Sink             | medium (Medium Profile)  |
| ThetaSA (C/W)         | 3.4                      |
| Board Selection       | medium (10"x10")         |
| # of Board Layers     | 12to15 (12 to 15 Layers) |
| Board Temperature (C) | 25.0                     |
+-----------------------+--------------------------+


2.2 Clock Constraints
---------------------

+-------+--------+-----------------+
| Clock | Domain | Constraint (ns) |
+-------+--------+-----------------+


3. Detailed Reports
-------------------

3.1 By Hierarchy
----------------

+--------------------------+-----------+
| Name                     | Power (W) |
+--------------------------+-----------+
| top                      |    75.293 |
|   CBUS_IBUF[0]_inst      |     0.014 |
|   CBUS_IBUF[1]_inst      |     0.008 |
|   DBUS_IOBUF[0]_inst     |     0.054 |
|   DBUS_IOBUF[10]_inst    |     0.077 |
|   DBUS_IOBUF[11]_inst    |     0.074 |
|   DBUS_IOBUF[12]_inst    |     0.075 |
|   DBUS_IOBUF[13]_inst    |     0.074 |
|   DBUS_IOBUF[14]_inst    |     0.076 |
|   DBUS_IOBUF[15]_inst    |     0.098 |
|   DBUS_IOBUF[16]_inst    |     0.090 |
|   DBUS_IOBUF[17]_inst    |     0.054 |
|   DBUS_IOBUF[18]_inst    |     0.065 |
|   DBUS_IOBUF[19]_inst    |     0.069 |
|   DBUS_IOBUF[1]_inst     |     0.052 |
|   DBUS_IOBUF[20]_inst    |     0.070 |
|   DBUS_IOBUF[21]_inst    |     0.071 |
|   DBUS_IOBUF[22]_inst    |     0.072 |
|   DBUS_IOBUF[23]_inst    |     0.072 |
|   DBUS_IOBUF[24]_inst    |     0.074 |
|   DBUS_IOBUF[25]_inst    |     0.086 |
|   DBUS_IOBUF[26]_inst    |     0.078 |
|   DBUS_IOBUF[27]_inst    |     0.075 |
|   DBUS_IOBUF[28]_inst    |     0.075 |
|   DBUS_IOBUF[29]_inst    |     0.073 |
|   DBUS_IOBUF[2]_inst     |     0.064 |
|   DBUS_IOBUF[30]_inst    |     0.072 |
|   DBUS_IOBUF[31]_inst    |     0.091 |
|   DBUS_IOBUF[32]_inst    |     0.089 |
|   DBUS_IOBUF[33]_inst    |     0.052 |
|   DBUS_IOBUF[34]_inst    |     0.062 |
|   DBUS_IOBUF[35]_inst    |     0.067 |
|   DBUS_IOBUF[36]_inst    |     0.070 |
|   DBUS_IOBUF[37]_inst    |     0.069 |
|   DBUS_IOBUF[38]_inst    |     0.071 |
|   DBUS_IOBUF[39]_inst    |     0.070 |
|   DBUS_IOBUF[3]_inst     |     0.068 |
|   DBUS_IOBUF[40]_inst    |     0.071 |
|   DBUS_IOBUF[41]_inst    |     0.083 |
|   DBUS_IOBUF[42]_inst    |     0.075 |
|   DBUS_IOBUF[43]_inst    |     0.072 |
|   DBUS_IOBUF[44]_inst    |     0.070 |
|   DBUS_IOBUF[45]_inst    |     0.070 |
|   DBUS_IOBUF[46]_inst    |     0.072 |
|   DBUS_IOBUF[47]_inst    |     0.069 |
|   DBUS_IOBUF[48]_inst    |     0.085 |
|   DBUS_IOBUF[49]_inst    |     0.074 |
|   DBUS_IOBUF[4]_inst     |     0.072 |
|   DBUS_IOBUF[50]_inst    |     0.070 |
|   DBUS_IOBUF[51]_inst    |     0.068 |
|   DBUS_IOBUF[52]_inst    |     0.067 |
|   DBUS_IOBUF[53]_inst    |     0.066 |
|   DBUS_IOBUF[54]_inst    |     0.066 |
|   DBUS_IOBUF[55]_inst    |     0.088 |
|   DBUS_IOBUF[56]_inst    |     0.064 |
|   DBUS_IOBUF[57]_inst    |     0.060 |
|   DBUS_IOBUF[58]_inst    |     0.055 |
|   DBUS_IOBUF[59]_inst    |     0.054 |
|   DBUS_IOBUF[5]_inst     |     0.072 |
|   DBUS_IOBUF[60]_inst    |     0.054 |
|   DBUS_IOBUF[61]_inst    |     0.053 |
|   DBUS_IOBUF[62]_inst    |     0.053 |
|   DBUS_IOBUF[63]_inst    |     0.075 |
|   DBUS_IOBUF[6]_inst     |     0.076 |
|   DBUS_IOBUF[7]_inst     |     0.097 |
|   DBUS_IOBUF[8]_inst     |     0.081 |
|   DBUS_IOBUF[9]_inst     |     0.096 |
|   FPGA_NO_IBUF[0]_inst   |     0.013 |
|   FPGA_NO_IBUF[1]_inst   |     0.007 |
|   RST_IBUF_inst          |    <0.001 |
|   dcm0                   |     4.292 |
|     U_BUFG0              |     0.005 |
|   u0                     |     2.780 |
|   u1                     |     0.331 |
|     u0                   |     0.102 |
|       u0                 |     0.102 |
|     u1                   |     0.013 |
|       u0                 |     0.013 |
|     u2                   |     0.165 |
|       u0                 |     0.165 |
|     u4                   |     0.050 |
|   u2                     |    61.791 |
|     u0                   |    61.791 |
|       unit1              |    45.625 |
|         forgen1[0].upipe |    45.625 |
|           u0             |     1.716 |
|             u0           |     1.716 |
|           u1             |     1.479 |
|             u0           |     1.479 |
|           u10            |     3.781 |
|             itp_c0_rom   |     0.572 |
|               LC_000_00  |     0.007 |
|               LC_000_01  |     0.010 |
|               LC_000_02  |     0.007 |
|               LC_000_03  |     0.010 |
|               LC_000_04  |     0.007 |
|               LC_000_05  |     0.011 |
|               LC_000_06  |     0.010 |
|               LC_000_07  |     0.010 |
|               LC_000_08  |     0.010 |
|               LC_000_09  |     0.006 |
|               LC_001_00  |     0.013 |
|               LC_001_01  |     0.016 |
|               LC_001_02  |     0.014 |
|               LC_001_03  |     0.019 |
|               LC_001_04  |     0.024 |
|               LC_001_05  |     0.018 |
|               LC_001_06  |     0.015 |
|               LC_002_00  |     0.009 |
|               LC_002_01  |     0.010 |
|               LC_002_02  |     0.009 |
|             itp_c1_rom   |     1.147 |
|               LC_000_00  |     0.012 |
|               LC_000_01  |     0.010 |
|               LC_000_02  |     0.011 |
|               LC_000_03  |     0.010 |
|               LC_000_04  |     0.013 |
|               LC_000_05  |     0.011 |
|               LC_000_06  |     0.009 |
|               LC_000_07  |     0.010 |
|               LC_000_08  |     0.009 |
|               LC_001_00  |     0.020 |
|               LC_001_01  |     0.023 |
|               LC_001_02  |     0.019 |
|               LC_001_03  |     0.017 |
|               LC_001_04  |     0.022 |
|               LC_001_05  |     0.012 |
|               LC_002_00  |     0.010 |
|               LC_002_01  |     0.010 |
|               LC_002_02  |     0.009 |
|             itp_mult     |     0.131 |
|             itp_sub      |     0.044 |
|             u1           |     0.262 |
|             u2           |     0.192 |
|             u4           |     0.064 |
|           u11            |     4.250 |
|             itp_c0_rom   |     0.592 |
|               LC_000_00  |     0.012 |
|               LC_000_01  |     0.008 |
|               LC_000_02  |     0.012 |
|               LC_000_03  |     0.010 |
|               LC_000_04  |     0.011 |
|               LC_000_05  |     0.013 |
|               LC_000_06  |     0.011 |
|               LC_000_07  |     0.011 |
|               LC_000_08  |     0.010 |
|               LC_000_09  |     0.009 |
|               LC_001_00  |     0.024 |
|               LC_001_01  |     0.015 |
|               LC_001_02  |     0.023 |
|               LC_001_03  |     0.018 |
|               LC_001_04  |     0.016 |
|               LC_001_05  |     0.020 |
|               LC_001_06  |     0.016 |
|               LC_002_00  |     0.009 |
|               LC_002_01  |     0.008 |
|               LC_002_02  |     0.008 |
|             itp_c1_rom   |     1.188 |
|               LC_000_00  |     0.008 |
|               LC_000_01  |     0.012 |
|               LC_000_02  |     0.013 |
|               LC_000_03  |     0.010 |
|               LC_000_04  |     0.015 |
|               LC_000_05  |     0.012 |
|               LC_000_06  |     0.008 |
|               LC_000_07  |     0.009 |
|               LC_000_08  |     0.009 |
|               LC_001_00  |     0.016 |
|               LC_001_01  |     0.022 |
|               LC_001_02  |     0.023 |
|               LC_001_03  |     0.016 |
|               LC_001_04  |     0.026 |
|               LC_001_05  |     0.015 |
|               LC_002_00  |     0.009 |
|               LC_002_01  |     0.011 |
|               LC_002_02  |     0.009 |
|             itp_mult     |     0.135 |
|             itp_sub      |     0.037 |
|             u1           |     0.493 |
|             u2           |     0.099 |
|             u4           |     0.097 |
|           u13            |     0.310 |
|             u1           |     0.308 |
|           u14            |     0.730 |
|             u1           |     0.491 |
|           u15            |     0.453 |
|             u1           |     0.439 |
|           u16            |     0.431 |
|             u1           |     0.423 |
|           u17            |     0.534 |
|             u1           |     0.525 |
|           u18            |     0.106 |
|           u19            |     0.098 |
|           u2             |     1.836 |
|             u0           |     1.836 |
|           u20            |     0.093 |
|           u21            |     1.895 |
|             u1           |     0.126 |
|             u3           |     0.733 |
|           u22            |     1.835 |
|             u3           |     0.720 |
|           u23            |     1.844 |
|             u1           |     0.057 |
|             u3           |     0.687 |
|           u24            |     3.066 |
|             u0           |     0.619 |
|             u1           |     0.982 |
|             u2           |     0.736 |
|             u3           |     0.495 |
|           u25            |     3.026 |
|             u0           |     0.614 |
|             u1           |     0.983 |
|             u2           |     0.727 |
|             u3           |     0.473 |
|           u26            |     3.390 |
|             u0           |     0.784 |
|             u1           |     1.223 |
|             u2           |     0.723 |
|             u3           |     0.433 |
|           u27            |     0.049 |
|           u28            |     0.747 |
|           u29            |     0.457 |
|           u3             |     2.843 |
|           u30            |     0.627 |
|           u31            |     0.542 |
|           u4             |     2.385 |
|           u5             |     2.748 |
|           u9             |     3.700 |
|             itp_c0_rom   |     0.470 |
|               LC_000_00  |     0.012 |
|               LC_000_01  |     0.009 |
|               LC_000_02  |     0.010 |
|               LC_000_03  |     0.012 |
|               LC_000_04  |     0.011 |
|               LC_000_05  |     0.012 |
|               LC_000_06  |     0.011 |
|               LC_000_07  |     0.010 |
|               LC_000_08  |     0.010 |
|               LC_000_09  |     0.009 |
|               LC_001_00  |     0.020 |
|               LC_001_01  |     0.018 |
|               LC_001_02  |     0.018 |
|               LC_001_03  |     0.023 |
|               LC_001_04  |     0.021 |
|               LC_001_05  |     0.020 |
|               LC_001_06  |     0.020 |
|               LC_002_00  |     0.008 |
|               LC_002_01  |     0.010 |
|               LC_002_02  |     0.009 |
|             itp_c1_rom   |     1.097 |
|               LC_000_00  |     0.011 |
|               LC_000_01  |     0.010 |
|               LC_000_02  |     0.010 |
|               LC_000_03  |     0.011 |
|               LC_000_04  |     0.011 |
|               LC_000_05  |     0.011 |
|               LC_000_06  |     0.010 |
|               LC_000_07  |     0.011 |
|               LC_000_08  |     0.008 |
|               LC_001_00  |     0.021 |
|               LC_001_01  |     0.020 |
|               LC_001_02  |     0.020 |
|               LC_001_03  |     0.019 |
|               LC_001_04  |     0.020 |
|               LC_001_05  |     0.015 |
|               LC_002_00  |     0.010 |
|               LC_002_01  |     0.010 |
|               LC_002_02  |     0.009 |
|             itp_mult     |     0.121 |
|             itp_sub      |     0.040 |
|             u1           |     0.340 |
|             u2           |     0.093 |
|             u4           |     0.075 |
|       unit2              |     5.000 |
|         mema_dc_reg[0]   |     0.091 |
|         mema_dc_reg[10]  |     0.370 |
|         mema_dc_reg[11]  |     0.365 |
|         mema_dc_reg[12]  |     0.377 |
|         mema_dc_reg[13]  |     0.342 |
|         mema_dc_reg[14]  |     0.024 |
|         mema_dc_reg[15]  |     0.024 |
|         mema_dc_reg[16]  |     0.020 |
|         mema_dc_reg[17]  |     0.014 |
|         mema_dc_reg[1]   |     0.276 |
|         mema_dc_reg[2]   |     0.342 |
|         mema_dc_reg[3]   |     0.348 |
|         mema_dc_reg[4]   |     0.384 |
|         mema_dc_reg[5]   |     0.368 |
|         mema_dc_reg[6]   |     0.363 |
|         mema_dc_reg[7]   |     0.351 |
|         mema_dc_reg[8]   |     0.334 |
|         mema_dc_reg[9]   |     0.396 |
|       unit3              |    <0.001 |
|       unit8              |    <0.001 |
|       unit9              |    11.167 |
|         u0               |     6.307 |
|         u1               |     4.860 |
+--------------------------+-----------+


