Copyright 1986-2016 Xilinx, Inc. All Rights Reserved.
-------------------------------------------------------------------------------------------------
| Tool Version : Vivado v.2016.4 (lin64) Build 1733598 Wed Dec 14 22:35:42 MST 2016
| Date         : Thu Jan  5 06:33:59 2017
| Host         : ubuntu running 64-bit Ubuntu 16.04.1 LTS
| Command      : report_utilization -file gpu_utilization_synth.rpt -pb gpu_utilization_synth.pb
| Design       : gpu
| Device       : xcku035fbva676-3
| Design State : Synthesized
-------------------------------------------------------------------------------------------------

Utilization Design Information

Table of Contents
-----------------
1. CLB Logic
1.1 Summary of Registers by Type
2. BLOCKRAM
3. ARITHMETIC
4. I/O
5. CLOCK
6. ADVANCED
7. CONFIGURATION
8. Primitives
9. Black Boxes
10. Instantiated Netlists

1. CLB Logic
------------

+----------------------------+------+-------+-----------+-------+
|          Site Type         | Used | Fixed | Available | Util% |
+----------------------------+------+-------+-----------+-------+
| CLB LUTs*                  | 3429 |     0 |    203128 |  1.69 |
|   LUT as Logic             | 2796 |     0 |    203128 |  1.38 |
|   LUT as Memory            |  633 |     0 |    112800 |  0.56 |
|     LUT as Distributed RAM |    0 |     0 |           |       |
|     LUT as Shift Register  |  633 |     0 |           |       |
| CLB Registers              | 3183 |     0 |    406256 |  0.78 |
|   Register as Flip Flop    | 3183 |     0 |    406256 |  0.78 |
|   Register as Latch        |    0 |     0 |    406256 |  0.00 |
| CARRY8                     |  191 |     0 |     30300 |  0.63 |
| F7 Muxes                   |  269 |     0 |    121200 |  0.22 |
| F8 Muxes                   |  132 |     0 |     60600 |  0.22 |
| F9 Muxes                   |    0 |     0 |     30300 |  0.00 |
+----------------------------+------+-------+-----------+-------+
* Warning! The Final LUT count, after physical optimizations and full implementation, is typically lower. Run opt_design after synthesis, if not already completed, for a more realistic count.


1.1 Summary of Registers by Type
--------------------------------

+-------+--------------+-------------+--------------+
| Total | Clock Enable | Synchronous | Asynchronous |
+-------+--------------+-------------+--------------+
| 0     |            _ |           - |            - |
| 0     |            _ |           - |          Set |
| 0     |            _ |           - |        Reset |
| 0     |            _ |         Set |            - |
| 0     |            _ |       Reset |            - |
| 0     |          Yes |           - |            - |
| 0     |          Yes |           - |          Set |
| 0     |          Yes |           - |        Reset |
| 19    |          Yes |         Set |            - |
| 3164  |          Yes |       Reset |            - |
+-------+--------------+-------------+--------------+


2. BLOCKRAM
-----------

+-------------------+------+-------+-----------+-------+
|     Site Type     | Used | Fixed | Available | Util% |
+-------------------+------+-------+-----------+-------+
| Block RAM Tile    |    2 |     0 |       540 |  0.37 |
|   RAMB36/FIFO*    |    0 |     0 |       540 |  0.00 |
|   RAMB18          |    4 |     0 |      1080 |  0.37 |
|     RAMB18E2 only |    4 |       |           |       |
+-------------------+------+-------+-----------+-------+
* Note: Each Block RAM Tile only has one FIFO logic available and therefore can accommodate only one FIFO36E2 or one FIFO18E2. However, if a FIFO18E2 occupies a Block RAM Tile, that tile can still accommodate a RAMB18E2


3. ARITHMETIC
-------------

+----------------+------+-------+-----------+-------+
|    Site Type   | Used | Fixed | Available | Util% |
+----------------+------+-------+-----------+-------+
| DSPs           |   10 |     0 |      1700 |  0.59 |
|   DSP48E2 only |   10 |       |           |       |
+----------------+------+-------+-----------+-------+


4. I/O
------

+------------+------+-------+-----------+-------+
|  Site Type | Used | Fixed | Available | Util% |
+------------+------+-------+-----------+-------+
| Bonded IOB |  311 |     0 |       312 | 99.68 |
+------------+------+-------+-----------+-------+


5. CLOCK
--------

+----------------------+------+-------+-----------+-------+
|       Site Type      | Used | Fixed | Available | Util% |
+----------------------+------+-------+-----------+-------+
| GLOBAL CLOCK BUFFERs |    1 |     0 |       480 |  0.21 |
|   BUFGCE             |    1 |     0 |       240 |  0.42 |
|   BUFGCE_DIV         |    0 |     0 |        40 |  0.00 |
|   BUFG_GT            |    0 |     0 |       120 |  0.00 |
|   BUFGCTRL*          |    0 |     0 |        80 |  0.00 |
| PLLE3_ADV            |    0 |     0 |        20 |  0.00 |
| MMCME3_ADV           |    0 |     0 |        10 |  0.00 |
+----------------------+------+-------+-----------+-------+
* Note: Each used BUFGCTRL counts as two global buffer resources. This table does not include global clocking resources, only buffer cell usage. See the Clock Utilization Report (report_clock_utilization) for detailed accounting of global clocking resource availability.


6. ADVANCED
-----------

+-----------------+------+-------+-----------+-------+
|    Site Type    | Used | Fixed | Available | Util% |
+-----------------+------+-------+-----------+-------+
| GTHE3_CHANNEL   |    0 |     0 |        16 |  0.00 |
| GTHE3_COMMON    |    0 |     0 |         4 |  0.00 |
| IBUFDS_GTE3     |    0 |     0 |         8 |  0.00 |
| OBUFDS_GTE3     |    0 |     0 |         8 |  0.00 |
| OBUFDS_GTE3_ADV |    0 |     0 |         8 |  0.00 |
| PCIE_3_1        |    0 |     0 |         2 |  0.00 |
| SYSMONE1        |    0 |     0 |         1 |  0.00 |
+-----------------+------+-------+-----------+-------+


7. CONFIGURATION
----------------

+-------------+------+-------+-----------+-------+
|  Site Type  | Used | Fixed | Available | Util% |
+-------------+------+-------+-----------+-------+
| BSCANE2     |    0 |     0 |         4 |  0.00 |
| DNA_PORTE2  |    0 |     0 |         1 |  0.00 |
| EFUSE_USR   |    0 |     0 |         1 |  0.00 |
| FRAME_ECCE3 |    0 |     0 |         1 |  0.00 |
| ICAPE3      |    0 |     0 |         2 |  0.00 |
| STARTUPE3   |    0 |     0 |         1 |  0.00 |
+-------------+------+-------+-----------+-------+


8. Primitives
-------------

+----------+------+---------------------+
| Ref Name | Used | Functional Category |
+----------+------+---------------------+
| FDRE     | 3164 |            Register |
| LUT3     | 1537 |                 CLB |
| SRLC32E  |  584 |                 CLB |
| LUT6     |  539 |                 CLB |
| LUT5     |  413 |                 CLB |
| LUT4     |  408 |                 CLB |
| LUT2     |  387 |                 CLB |
| MUXF7    |  269 |                 CLB |
| OBUF     |  204 |                 I/O |
| CARRY8   |  191 |                 CLB |
| MUXF8    |  132 |                 CLB |
| INBUF    |   97 |                 I/O |
| IBUFCTRL |   97 |              Others |
| LUT1     |   83 |                 CLB |
| SRL16E   |   49 |                 CLB |
| FDSE     |   19 |            Register |
| OBUFT    |   10 |                 I/O |
| DSP48E2  |   10 |          Arithmetic |
| RAMB18E2 |    4 |           Block Ram |
| BUFGCE   |    1 |               Clock |
+----------+------+---------------------+


9. Black Boxes
--------------

+----------+------+
| Ref Name | Used |
+----------+------+


10. Instantiated Netlists
-------------------------

+----------+------+
| Ref Name | Used |
+----------+------+


